#
# A fatal error has been detected by the Java Runtime Environment:
#
#  EXCEPTION_ACCESS_VIOLATION (0xc0000005) at pc=0x10005f48, pid=3104, tid=2812
#
# JRE version: 6.0_29-b11
# Java VM: Java HotSpot(TM) Client VM (20.4-b02 mixed mode, sharing windows-x86 )
# Problematic frame:
# C  [jav85273021385886801600.dll+0x5f48]
#
# If you would like to submit a bug report, please visit:
#   http://java.sun.com/webapps/bugreport/crash.jsp
# The crash happened outside the Java Virtual Machine in native code.
# See problematic frame for where to report the bug.
#

---------------  T H R E A D  ---------------

Current thread (0x00847400):  JavaThread "main" [_thread_in_native, id=2812, stack(0x008e0000,0x00930000)]

siginfo: ExceptionCode=0xc0000005, reading address 0x00000000

Registers:
EAX=0x00000000, EBX=0x32a5bff8, ECX=0x00000000, EDX=0x00940000
ESP=0x0092fb3c, EBP=0x0092fb7c, ESI=0x32a5bff8, EDI=0x00847400
EIP=0x10005f48, EFLAGS=0x00010282

Top of Stack: (sp=0x0092fb3c)
0x0092fb3c:   eb53e713 00847400 32a5bff8 32a5bff8
0x0092fb4c:   0092fb7c 6d8d5d9f 00847798 00000002
0x0092fb5c:   00847400 6da0b084 00847ac8 00000002
0x0092fb6c:   0092fe00 101b5366 ffffffff 00000156
0x0092fb7c:   0092fbd8 10001ab1 00847528 00847400
0x0092fb8c:   32a5bff8 32a5bff8 32a5bff8 00000006
0x0092fb9c:   00000008 00000156 00847400 1025771c
0x0092fbac:   00847528 00847400 00000006 00000008 

Instructions: (pc=0x10005f48)
0x10005f28:   56 57 a1 0c 37 29 10 33 c4 50 8d 44 24 30 64 a3
0x10005f38:   00 00 00 00 a1 f0 04 2a 10 64 8b 0d 2c 00 00 00
0x10005f48:   8b 3c 81 33 db 39 5f 04 0f 85 80 00 00 00 6a 10
0x10005f58:   e8 18 3b 19 00 8b f0 83 c4 04 89 74 24 18 89 5c 


Register to memory mapping:

EAX=0x00000000 is an unknown value
EBX=0x32a5bff8 is an oop
{method} 
 - klass: {other class}
ECX=0x00000000 is an unknown value
EDX=0x00940000 is an unknown value
ESP=0x0092fb3c is pointing into the stack for thread: 0x00847400
EBP=0x0092fb7c is pointing into the stack for thread: 0x00847400
ESI=0x32a5bff8 is an oop
{method} 
 - klass: {other class}
EDI=0x00847400 is a thread


Stack: [0x008e0000,0x00930000],  sp=0x0092fb3c,  free space=318k
Native frames: (J=compiled Java code, j=interpreted, Vv=VM code, C=native code)
C  [jav85273021385886801600.dll+0x5f48]  Java_lu_flier_script_V8Function_internalInvoke+0x36a8
C  [jav85273021385886801600.dll+0x1ab1]  Java_lu_flier_script_V8Context_internalCreate+0x21
j  lu.flier.script.V8Context.internalCreate()J+0
j  lu.flier.script.V8Context.<init>()V+6
j  lu.flier.script.V8ScriptEngine.<init>(Llu/flier/script/V8ScriptEngineFactory;)V+32
j  lu.flier.script.V8ScriptEngineFactory.getScriptEngine()Ljavax/script/ScriptEngine;+5
j  javax.script.ScriptEngineManager.getEngineByName(Ljava/lang/String;)Ljavax/script/ScriptEngine;+150
j  demo1.DemoV8.main([Ljava/lang/String;)V+11
v  ~StubRoutines::call_stub
V  [jvm.dll+0xfac3b]
V  [jvm.dll+0x18c391]
V  [jvm.dll+0xfacbd]
V  [jvm.dll+0x95776]
V  [jvm.dll+0x9d5b3]
C  [javaw.exe+0x2155]
C  [javaw.exe+0x8614]
C  [kernel32.dll+0xb729]  GetModuleFileNameA+0x1ba

Java frames: (J=compiled Java code, j=interpreted, Vv=VM code)
j  lu.flier.script.V8Context.internalCreate()J+0
j  lu.flier.script.V8Context.<init>()V+6
j  lu.flier.script.V8ScriptEngine.<init>(Llu/flier/script/V8ScriptEngineFactory;)V+32
j  lu.flier.script.V8ScriptEngineFactory.getScriptEngine()Ljavax/script/ScriptEngine;+5
j  javax.script.ScriptEngineManager.getEngineByName(Ljava/lang/String;)Ljavax/script/ScriptEngine;+150
j  demo1.DemoV8.main([Ljava/lang/String;)V+11
v  ~StubRoutines::call_stub

---------------  P R O C E S S  ---------------

Java Threads: ( => current thread )
  0x02ba9800 JavaThread "Low Memory Detector" daemon [_thread_blocked, id=3480, stack(0x02e20000,0x02e70000)]
  0x02ba7000 JavaThread "C1 CompilerThread0" daemon [_thread_blocked, id=3288, stack(0x02dd0000,0x02e20000)]
  0x02ba2000 JavaThread "Attach Listener" daemon [_thread_blocked, id=3792, stack(0x02d80000,0x02dd0000)]
  0x02ba1000 JavaThread "Signal Dispatcher" daemon [_thread_blocked, id=2660, stack(0x02d30000,0x02d80000)]
  0x02b9bc00 JavaThread "Finalizer" daemon [_thread_blocked, id=3760, stack(0x02ce0000,0x02d30000)]
  0x02b97000 JavaThread "Reference Handler" daemon [_thread_blocked, id=2620, stack(0x02c90000,0x02ce0000)]
=>0x00847400 JavaThread "main" [_thread_in_native, id=2812, stack(0x008e0000,0x00930000)]

Other Threads:
  0x02b5b000 VMThread [stack: 0x02c40000,0x02c90000] [id=2480]
  0x02bb9400 WatcherThread [stack: 0x02e70000,0x02ec0000] [id=2384]

VM state:not at safepoint (normal execution)

VM Mutex/Monitor currently owned by a thread: None

Heap
 def new generation   total 4928K, used 1044K [0x229e0000, 0x22f30000, 0x27f30000)
  eden space 4416K,  23% used [0x229e0000, 0x22ae5168, 0x22e30000)
  from space 512K,   0% used [0x22e30000, 0x22e30000, 0x22eb0000)
  to   space 512K,   0% used [0x22eb0000, 0x22eb0000, 0x22f30000)
 tenured generation   total 10944K, used 0K [0x27f30000, 0x289e0000, 0x329e0000)
   the space 10944K,   0% used [0x27f30000, 0x27f30000, 0x27f30200, 0x289e0000)
 compacting perm gen  total 12288K, used 497K [0x329e0000, 0x335e0000, 0x369e0000)
   the space 12288K,   4% used [0x329e0000, 0x32a5c650, 0x32a5c800, 0x335e0000)
    ro space 10240K,  51% used [0x369e0000, 0x36f0d0b8, 0x36f0d200, 0x373e0000)
    rw space 12288K,  54% used [0x373e0000, 0x37a79570, 0x37a79600, 0x37fe0000)

Code Cache  [0x00960000, 0x009f0000, 0x02960000)
 total_blobs=171 nmethods=43 adapters=65 free_code_cache=32984832 largest_free_block=0

Dynamic libraries:
0x00400000 - 0x00424000 	C:\Program Files\Java\jre6\bin\javaw.exe
0x7c920000 - 0x7c9b6000 	C:\WINDOWS\system32\ntdll.dll
0x7c800000 - 0x7c91e000 	C:\WINDOWS\system32\kernel32.dll
0x77da0000 - 0x77e49000 	C:\WINDOWS\system32\ADVAPI32.dll
0x77e50000 - 0x77ee3000 	C:\WINDOWS\system32\RPCRT4.dll
0x77fc0000 - 0x77fd1000 	C:\WINDOWS\system32\Secur32.dll
0x77d10000 - 0x77da0000 	C:\WINDOWS\system32\USER32.dll
0x77ef0000 - 0x77f39000 	C:\WINDOWS\system32\GDI32.dll
0x76300000 - 0x7631d000 	C:\WINDOWS\system32\IMM32.DLL
0x62c20000 - 0x62c29000 	C:\WINDOWS\system32\LPK.DLL
0x73fa0000 - 0x7400b000 	C:\WINDOWS\system32\USP10.dll
0x7c340000 - 0x7c396000 	C:\Program Files\Java\jre6\bin\msvcr71.dll
0x6d7f0000 - 0x6da9f000 	C:\Program Files\Java\jre6\bin\client\jvm.dll
0x76b10000 - 0x76b3a000 	C:\WINDOWS\system32\WINMM.dll
0x6d7a0000 - 0x6d7ac000 	C:\Program Files\Java\jre6\bin\verify.dll
0x6d320000 - 0x6d33f000 	C:\Program Files\Java\jre6\bin\java.dll
0x6d7e0000 - 0x6d7ef000 	C:\Program Files\Java\jre6\bin\zip.dll
0x68000000 - 0x68036000 	C:\WINDOWS\system32\rsaenh.dll
0x77be0000 - 0x77c38000 	C:\WINDOWS\system32\msvcrt.dll
0x759d0000 - 0x75a7f000 	C:\WINDOWS\system32\USERENV.dll
0x5fdd0000 - 0x5fe25000 	C:\WINDOWS\system32\netapi32.dll
0x6d600000 - 0x6d613000 	C:\Program Files\Java\jre6\bin\net.dll
0x71a20000 - 0x71a37000 	C:\WINDOWS\system32\WS2_32.dll
0x71a10000 - 0x71a18000 	C:\WINDOWS\system32\WS2HELP.dll
0x719c0000 - 0x719fe000 	C:\WINDOWS\System32\mswsock.dll
0x76ef0000 - 0x76f17000 	C:\WINDOWS\system32\DNSAPI.dll
0x76d30000 - 0x76d48000 	C:\WINDOWS\system32\iphlpapi.dll
0x76f80000 - 0x76f88000 	C:\WINDOWS\System32\winrnr.dll
0x76f30000 - 0x76f5c000 	C:\WINDOWS\system32\WLDAP32.dll
0x76f90000 - 0x76f96000 	C:\WINDOWS\system32\rasadhlp.dll
0x10000000 - 0x102bb000 	C:\Documents and Settings\Administrator\Local Settings\Temp\jav85273021385886801600.dll
0x76bc0000 - 0x76bcb000 	C:\WINDOWS\system32\PSAPI.DLL

VM Arguments:
jvm_args: -Dfile.encoding=UTF-8 
java_command: demo1.DemoV8
Launcher Type: SUN_STANDARD

Environment Variables:
JAVA_HOME=E:\jdk
PATH=C:/Program Files/Java/jre7/bin/client;C:/Program Files/Java/jre7/bin;C:/Program Files/Java/jre7/lib/i386;C:\Program Files\Common Files\NetSarang;C:\WINDOWS\system32;C:\WINDOWS;C:\WINDOWS\System32\Wbem;E:\gtk\bin;E:\Hg\;E:\BitviseTunnelier;C:\Program Files\Microsoft Network Monitor 3\;E:\e\cmd;C:\Program Files\Microsoft SQL Server\100\Tools\Binn\;C:\Program Files\Microsoft SQL Server\100\DTS\Binn\;E:\maven\apache-maven-3.0.4\bin\;C:\Program Files\Git\cmd;C:\Program Files\TortoiseGit\bin;E:\eclipse\eclipse;
USERNAME=Administrator
OS=Windows_NT
PROCESSOR_IDENTIFIER=x86 Family 6 Model 23 Stepping 10, GenuineIntel



---------------  S Y S T E M  ---------------

OS: Windows XP Build 2600 Service Pack 3

CPU:total 2 (2 cores per cpu, 1 threads per core) family 6 model 23 stepping 10, cmov, cx8, fxsr, mmx, sse, sse2, sse3, ssse3, sse4.1

Memory: 4k page, physical 2087084k(651828k free), swap 4025376k(2397324k free)

vm_info: Java HotSpot(TM) Client VM (20.4-b02) for windows-x86 JRE (1.6.0_29-b11), built on Oct  3 2011 01:01:08 by "java_re" with MS VC++ 7.1 (VS2003)

time: Fri Dec 14 10:04:32 2012
elapsed time: 0 seconds

